<?xml version="1.0" encoding="UTF-8"?>
<testng-results ignored="0" total="1" passed="1" failed="0" skipped="0">
  <reporter-output>
  </reporter-output>
  <suite started-at="2023-06-25T10:47:11 EDT" name="Default suite" finished-at="2023-06-25T10:47:23 EDT" duration-ms="11724">
    <groups>
    </groups>
    <test started-at="2023-06-25T10:47:11 EDT" name="Default test" finished-at="2023-06-25T10:47:23 EDT" duration-ms="11724">
      <class name="scrnshotmavendemo001.screenshot001">
        <test-method signature="main()[pri:0, instance:scrnshotmavendemo001.screenshot001@5b03b9fe]" started-at="2023-06-25T10:47:11 EDT" name="main" finished-at="2023-06-25T10:47:23 EDT" duration-ms="11552" status="PASS">
          <reporter-output>
          </reporter-output>
        </test-method> <!-- main -->
        <test-method is-config="true" signature="teardown()[pri:0, instance:scrnshotmavendemo001.screenshot001@5b03b9fe]" started-at="2023-06-25T10:47:23 EDT" name="teardown" finished-at="2023-06-25T10:47:23 EDT" duration-ms="126" status="PASS">
          <reporter-output>
          </reporter-output>
        </test-method> <!-- teardown -->
      </class> <!-- scrnshotmavendemo001.screenshot001 -->
    </test> <!-- Default test -->
  </suite> <!-- Default suite -->
</testng-results>
